<?xml version="1.0" encoding="UTF-8"?>
<!-- Generated by org.testng.reporters.JUnitXMLReporter -->
<testsuite ignored="0" hostname="Shree" failures="0" tests="6" name="Default test" time="45.571" errors="0" timestamp="2022-08-13T23:00:17 IST">
  <testcase classname="TestCases.LoginPageTest" name="verifykitelogotest" time="0.15"/>
  <testcase classname="TestCases.LoginPageTest" name="verifykitelogotest" time="0.075"/>
  <testcase classname="TestCases.LoginPageTest" name="verifykitelogotest" time="0.074"/>
  <testcase classname="TestCases.LoginPageTest" name="verifylogintextTest" time="0.071"/>
  <testcase classname="TestCases.LoginPageTest" name="loginzerodhaTest" time="3.701"/>
  <testcase classname="TestCases.LoginPageTest" name="verifysharebyoption" time="9.085"/>
</testsuite> <!-- Default test -->
